[    0.000000] Initializing cgroup subsys cpuset
[    0.00000] Initializing crop subsys cpu
   0.000000] Initializing cgroup subsys cpuacct
[    0.000000] Linux version 4.4.0-154-generic (buildd@lgw01-amd64-049) (gcc version 5.4.0 20160609 (Ubuntu 5.4.0-6ubuntu1~16.04.10) ) #181-Ubuntu SMP Tue Jun 25 05:29:03 UTC 2019 (butu 4.4.-154.181-gneric 4.4.179)
[    0.000000] Command line: BOOT_IMAGE=/boot/vmlinuz4.4.0-154-generic root=LABEL=cloudimg-rootfs r consoe=ty1 onole=ttyS0
[    0.000000] KERNEL supported cpus:
[    0.000000]   Intel GenuineIntel
[    0.000000]   AMD AuthenticAMD
[    0.000000]   Centaur CentaurHauls
[    0.000000] x86/fp: state_offset[2]:  576, xstate_sizes[2]:  256
[    0.000000] x86/fpu: Supporting XSAVE feature 0x01: 'x87 floating point registers'
[    0.000000] x86/fpu: Supporting XSAVE feature 0x02:'SSEegstrs'
[    0.000000] x86/fpu: Supporting XSAVE feature 0x04: 'AVX registers'
[    0.000000] x86/fpu: Enabled xstate features 0x7, context size is 832 bytes, using 'standard' format.
[    0.000000] e820: BIOS-provided physical RM ap
    0.0000] BIOS-e820: [mem 0x0000000000000000-0x000000000009fbff] usable
[    0.000000] BIOS-e820: [mem 0x000000000009fc00-0x000000000009ffff] reserved
[    0.000000] BIOS-e820:[mm 0x0000000000000-000000000fffff] reserved
[   .000000] BIOS-e820: [mem 0x0000000000100000-x000000003ffeffff] usable
[    0.000000] BIOS-e820: [mem 0x0000003fff00-00000003fffffff] ACPI data
[    0.000000] BIOS-e820: [mem 0x00000000fec00000-0x00000000fec00fff] reserved
[    0.000000] BIOS-e820: [mem 0x00000000fe0000-x000000fe00fff]esrved
[    0.000000 BOSe820: [mm 0x000000fffc0000-0x00000000ffffff] reservd[   0.000000] NX (Execute Disabl) otection: active
[    0.000000] SMBIOS 2.5 present.
[    0.000000] Hypervisor detected: KVM
[    0.000000] e820: last_pfn = 0x3fff0 max_archpfn = 0x400000000
[    0.000000] MTRR: Disabled
[    0.00000] x86/PAT: MTRRs disabled, skipping PAT initialization too.
[    0.000000] CPU MTRRs all blank  viralizd sysem
[   0.00000] x86/PAT: Configuration [0-7]: WB  WT  UC- UC  WB  WT  UC- UC  [   .00000] found SMP MP-table at [mem 0x0009fff0-0x0009ffff] mappe a [fff88000009fff0]
[    0.000000] Scanning 1 areas fo lw memory corruption
[    0.000000] RAMDISK: [mem 0x362f800-0x37173fff]
[    0.000000] ACPI: Early table checksum verification disabled
[    0.000000] ACPI:RSD 0000000000E000 000024 (v02 VBOX  )
[    0.000000] ACPI: XSDT 0x000000003FF000 003C (v01 VOX  BOXSDT 00000001 AS 00006)
[    0.000000] ACPI: FACP 0x000000003FFF0F0 0004 (v4 VBOX   VBOXFACP 00000001 ASL  00000061)
[    0.000000] ACPI: DSDT 0x000000003FFF0470 0021FF (v0 VBOX   BOXBIOS 00000002 INTL 20100528)
[   .00000 ACP: FAC 0x0000003FF000000040[   .00000] CP: ACS 0x000000003FFF0200 000040
[    0.000000] ACPI: APIC 0x000000003FFF0240 0000C v0 VOX   VBOXAPC 00001 ASL  0000061)
[  0000000] ACI:SSDT 0x000000003FFF02A0 000C (v01 VBOX   VBOXCPUT 00000002 INTL 20100528)
[    0.000000] No NUMA configuration found
[    0.000000] Faking a node at [mem 0x0000000000000000-0x000000003ffeffff]
[    0.000000] NODE_DATA(0) allocated [mem 0x3ffeb000-0x3ffeffff]
[    0.000000] kvm-clck: Using msrs 4564d01 and 4b564d00
[   0.000000] kvm-coc: cpu 0, msr 0:3ffe3001, prima cu cloc
    0.00000] kvm-clock: in sched offset of 6946739615 ccls[    0.000000] clocksource: km-clck msk: 0xfffffffffffffff max_cycles: 0x1cd42dffb mx_idle_ns: 881590591483 
[   .000000] Zone ranges:
[    0.000000]   DMA      [mem 0x0000000000001000-0x0000000000ffffff]
[    0.000000]   DMA32    [mem 0x000000100000-0x000000003ffeffff]
   00000]   Normal emty
[    0.000000]   Deic  emty
[    00000 Movable zone start fo echnoe
[   0.000000Early memory node ranges
[    0.00000]  od  0:[mem 0x00000000000100-0x000000009efff]
[    .0000]  noe   0: [mem 0x0000000000100000-0x000000003ffefff]
[    0.000000] Initmem setup node 0mem x000000000001000-0x000000003ffeffff]
[    0.000000] ACPI: PM-Timer IO Pot: 0x4008
[    0.000000] IOAPIC[0]: apic_id 2, verion 32, address 0xfec00000, GSI 0-23
[    0.000000] ACPI: INT_SRC_OVR (bus 0 bus_irq 0 global_irq 2 dfl dfl)
[    0.000000] ACPI: INT_SRC_OVR(bus 0 bus_irq 9 global_irq 9 low level)
[    0.000000] Using ACPI (MADT) for SMP cofiuraton iformation
[    0.000000] smpbot:Alowing 2 CPUs, 0 hotplug CPUs
[    0.000000] PM: Registered nosave memory: [mem 0x00000000-0x00000fff]
[    0.000000] PM: Registered nosave memory: [mem 0x0009f000-0x0009ffff]
[    0.00000] PM: Regteed osave mmoy:[mm 0x000a000-x000effff]
[    0.000000 P: Registered nosave memory:[mem 0x00000-x000fffff]
[    0.000000] e820: [mem 0x400000-xfbfffff] available for PCI devices
[    0.000000] Booting paravirtualized kernel on KVM
[    0.000000] clocksource: refined-jiffies: mask: 0xffffffff max_cycles: 0xffffffff, max_idle_ns: 7645519600211568 s[   0.000000seuppercpu: NR_CPUS:512 nr_cpumask_bits:512 nr_cpuid:2nrnode_ids:1
[   .0000]PERCPU: Embedded 34 pages/cpu @ffff88003fc00000 s99480 r8192 d31592 u1048576
[    0.000000] Built 1 zoelst i Node order, moiltygrouping on.  Total paes: 25712
[  0000000] Policy zoe:MA2
[  0.0000] Kenel command line: OOT_IMGE=/boot/vmlinuz-4.4.0-154-gener root=LABEL=cloudimg-rots o onsole=tty1 console=ttyS0
[    0.000000] PID hash table entries: 4096 (order: 3, 32768 bytes)
[    0.000000] Memory: 997728K/1048120K available (8613K kernel code, 1335K rwdata, 4028K rodata, 1484K init, 1284K bss, 50392K rerved, 0K cma-reserved)
[    0000000] SLUB: HWalign=64, Order=0-3, MinObjects=0, CPUs=2, Nodes=1
[    0.000000] Kernel/User page tables isolation: enabled
[    0.000000] Hierarchical RCU iplementation.
[    0.000000] 	Build-time adjustment of leaf fanout to 64.
[    0.000000] 	RCU restricting CPUs from NR_CPUS=512 to nr_cpu_ids=2.
[    0.000000] RCU: Adjusting geometry for rcu_fanout_leaf=64, nr_cpu_ids=2
[    0.000000] NR_IRQS:33024 nr_irqs:440 16
[    0.000000] Console: colour VGA+ 80x25
[    0.000000] console [tty1] enabled[    0.000000] console [ttyS enale
[    0.00000] tsc: Detected 3504.000 MHz processor
[    4.559278] Calibrating delay loop (skipped) preset value.. 7008.00 BogoMIPS (lpj=14016000)
[    4.572080] pid_max: default: 32768 minimum: 301
[    4.588521] ACPI: Core revision 20150930
[    4.619957] ACPI: 2 ACPI AML tables successfully acquired and loaded
[    4.644829] Security Framework initialized
[    4.646358] Yama: becoming mindful.
[    4.652923] AppArmor: AppArmor initialized
[    4.654325] Dentry cache hash table entries: 131072 (order: 8, 1048576 bytes)
[    4.688937] Inode-cache hash table entries: 65536 (order: 7, 524288 bytes)
[    4.692472] Mount-cache hash table entries: 2048 (order: 2, 16384 bytes)
[    4.694553] Mountpoint-cache hash table entries: 2048 (order: 2, 16384 bytes)
[    4.697104] Initializing cgroup subsys io
[    4.711265] Initializing cgroup subsys memory
[    4.731201] Initializing cgroup subsys devices
[    4.739950] Initializing cgroup subsys freezer
[    4.754566] Initializing cgroup subsys net_cls
[    4.771540] Initializing cgroup subsys perf_event
[    4.778478] Initializing cgroup subsys net_prio
[    4.804139] Initializing cgroup subsys hugetlb
[    4.805480] Initializing cgroup subsys pids
[    4.821354] mce: CPU supports 0 MCE banks
[    4.822945] Last level iTLB entries: 4KB 64, 2MB 8, 4MB 8
[    4.825020] Last level dTLB entries: 4KB 64, 2MB 0, 4MB 0, 1GB 4
[    4.835422] Spectre V2 : Mitigation: Full generic retpoline
[    4.852659] Spectre V2 : Spectre v2 / SpectreRSB mitigation: Filling RSB on context switch
[    4.868711] Speculative Store Bypass: Vulnerable
[    4.890560] MDS: Vulnerable: Clear CPU buffers attempted, no microcode
[    4.916251] Freeing SMP alternatives memory: 36K
[    4.942728] ftrace: allocating 32299 entries in 127 pages
[    4.999142] smpboot: APIC(0) Converting physical 0 to logical package 0
[    5.001140] smpboot: Max logical packages: 1
[    5.022752] x2apic enabled
[    5.023899] Switched APIC routing to physical x2apic.
[    5.035899] ..TIMER: vector=0x30 apic1=0 pin1=2 apic2=-1 pin2=-1
[    5.162322] smpboot: CPU0: Intel(R) Core(TM) i7-7567U CPU @ 3.50GHz (family: 0x6, model: 0x8e, stepping: 0x9)
[    5.190880] Performance Events: unsupported p6 CPU model 142 no PMU driver, software events only.
[    5.205484] KVM setup paravirtual spinlock
[    5.241932] x86: Booting SMP configuration:
[    5.270041] .... node  #0, CPUs:      #1
[    5.311162] kvm-clock: cpu 1, msr 0:3ffe3041, secondary cpu clock
[    5.314934] mce: CPU supports 0 MCE banks
[    5.323832] x86: Booted up 1 node, 2 CPUs
[    5.330805] smpboot: Total of 2 processors activated (14016.00 BogoMIPS)
[    5.343278] devtmpfs: initialized
[    5.369527] evm: security.selinux
[    5.382254] evm: security.SMACK64
[    5.383607] evm: security.SMACK64EXEC
[    5.393431] evm: security.SMACK64TRANSMUTE
[    5.394643] evm: security.SMACK64MMAP
[    5.395844] evm: security.ima
[    5.396902] evm: security.capability
[    5.398503] clocksource: jiffies: mask: 0xffffffff max_cycles: 0xffffffff, max_idle_ns: 7645041785100000 ns
[    5.416223] futex hash table entries: 512 (order: 3, 32768 bytes)
[    5.449848] pinctrl core: initialized pinctrl subsystem
[    5.476452] RTC time: 23:00:34, date: 07/25/19
[    5.477812] NET: Registered protocol family 16
[    5.498862] cpuidle: using governor ladder
[    5.510798] cpuidle: using governor menu
[    5.512442] PCCT header not found.
[    5.519586] ACPI: bus type PCI registered
[    5.529106] acpiphp: ACPI Hot Plug PCI Controller Driver version: 0.5
[    5.533295] PCI: Using configuration type 1 for base access
[    5.548145] ACPI: Added _OSI(Module Device)
[    5.549983] ACPI: Added _OSI(Processor Device)
[    5.552049] ACPI: Added _OSI(3.0 _SCP Extensions)
[    5.555667] ACPI: Added _OSI(Processor Aggregator Device)
[    5.559498] ACPI: Executed 1 blocks of module-level executable AML code
[    5.571277] ACPI: Interpreter enabled
[    5.573538] ACPI: (supports S0 S5)
[    5.584362] ACPI: Using IOAPIC for interrupt routing
[    5.618011] PCI: Using host bridge windows from ACPI; if necessary, use "pci=nocrs" and report a bug
[    5.693382] ACPI: PCI Root Bridge [PCI0] (domain 0000 [bus 00-ff])
[    5.706401] acpi PNP0A03:00: _OSC: OS supports [ASPM ClockPM Segments MSI]
[    5.754714] acpi PNP0A03:00: _OSC: not requesting OS control; OS requires [ExtendedConfig ASPM ClockPM MSI]
[    5.785596] acpi PNP0A03:00: fail to add MMCONFIG information, can't access extended PCI configuration space under this bridge.
[    5.832192] PCI host bridge to bus 0000:00
[    5.875702] pci_bus 0000:00: root bus resource [io  0x0000-0x0cf7 window]
[    5.916405] pci_bus 0000:00: root bus resource [io  0x0d00-0xffff window]
[    5.929312] pci_bus 0000:00: root bus resource [mem 0x000a0000-0x000bffff window]
[    5.937225] pci_bus 0000:00: root bus resource [mem 0x40000000-0xfdffffff window]
[    5.962010] pci_bus 0000:00: root bus resource [bus 00-ff]
[    6.024218] pci 0000:00:01.1: legacy IDE quirk: reg 0x10: [io  0x01f0-0x01f7]
[    6.045504] pci 0000:00:01.1: legacy IDE quirk: reg 0x14: [io  0x03f6]
[    6.057378] pci 0000:00:01.1: legacy IDE quirk: reg 0x18: [io  0x0170-0x0177]
[    6.089783] pci 0000:00:01.1: legacy IDE quirk: reg 0x1c: [io  0x0376]
[    6.161271] pci 0000:00:07.0: quirk: [io  0x4000-0x403f] claimed by PIIX4 ACPI
[    6.209162] pci 0000:00:07.0: quirk: [io  0x4100-0x410f] claimed by PIIX4 SMB
[    6.250189] ACPI: PCI Interrupt Link [LNKA] (IRQs 5 9 10 *11)
[    6.284981] ACPI: PCI Interrupt Link [LNKB] (IRQs 5 9 *10 11)
[    6.288229] ACPI: PCI Interrupt Link [LNKC] (IRQs 5 *9 10 11)
[    6.303917] ACPI: PCI Interrupt Link [LNKD] (IRQs 5 9 10 *11)
[    6.326955] ACPI: Enabled 2 GPEs in block 00 to 07
[    6.358669] vgaarb: setting as boot device: PCI:0000:00:02.0
[    6.378711] vgaarb: device added: PCI:0000:00:02.0,decodes=io+mem,owns=io+mem,locks=none
[    6.397683] vgaarb: loaded
[    6.409808] vgaarb: bridge control possible 0000:00:02.0
[    6.456583] SCSI subsystem initialized
[    6.478561] ACPI: bus type USB registered
[    6.511982] usbcore: registered new interface driver usbfs
[    6.537081] usbcore: registered new interface driver hub
[    6.575179] usbcore: registered new device driver usb
[    6.586170] PCI: Using ACPI for IRQ routing
[    6.608053] NetLabel: Initializing
[    6.609416] NetLabel:  domain hash size = 128
[    6.610916] NetLabel:  protocols = UNLABELED CIPSOv4
[    6.623014] NetLabel:  unlabeled traffic allowed by default
[    6.632878] amd_nb: Cannot enumerate AMD northbridges
[    6.634087] clocksource: Switched to clocksource kvm-clock
[    6.644059] AppArmor: AppArmor Filesystem Enabled
[    6.646251] pnp: PnP ACPI init
[    6.64528] pnp: PnP ACPI: found 3 devices

[    67181 cocsorce:cpi_m:mask: 0xffffff max_cycles: 0xffffff, max_idle_ns: 2085701024 n
[   7.1653NE: egstre potoc famy 
[    7.8215 T etalishedha tleenie: 8192 (oer: 4, 65536 bytes)

[    7.797289] TCPbind hash table entries: 812 (order: 5, 131072 bytes)
[   .8208] TCP: Hash tables configured (established 8192 bind 8192)
[    7.967649] UDP hash tabe nties: 512 (order: 2, 16384 bytes)
[    0456] P-Lit hash table entries: 512 (order: 2, 16384 bytes)
[    8.202772] NET: Registered protocol family 1
[   8.20394] pci 00000:0.0: Limiting dirt CI/PCI transfers
[    8.383132] pci 0000:00:01.0: Activating ISA DMA hang workarounds
[    8.385545] Unpackininitramfs...

[    8.711782] Freeing initrd memory: 14832K
[    8.719048] clocksource: tsc: mask: 0xffffffffffffffff max_cycles: 0x3282142a9b0, max_idle_ns: 440795384778 ns
[    8.734060] platform rtc_cmos: registered platform RTC device (no PNP device found)
[    8.741044] Scanning for low memory corruption every 60 seconds
[    8.745063] audit: initializing netlink subsys (disabled)
[    8.754829] audit: type=2000 audit(1564095640.416:1): initialized
[    8.763491] Initialise system trusted keyring
[    8.769818] HugeTLB registered 2 MB page size, pre-allocated 0 pages
[    8.786551] zbud: loaded
[    8.791739] VFS: Disk quotas dquot_6.6.0
[    8.797420] VFS: Dquot-cache hash table entries: 512 (order 0, 4096 bytes)
[    8.806021] squashfs: version 4.0 (2009/01/31) Phillip Lougher
[    8.822445] fuse init (API version 7.23)
[    .828837] Key type big_key registered
[    8.855004] Allocating IMA MOK and blacklist keyrings.

[    8.859268] Key type asymmetric registered
[    8.860482] Asymmetric key parser 'x509' registered
[    8.862510] Block layer SCSI generic (bsg) driver version 0.4 loaded (major 249)
[    8.867349] io scheduler noop registered
[    8.872476] io scheduler deadline registered (default)
[    8.875831] io scheduler cfq registered
[    8.878937] pci_hotplug: PCI Hot Plug PCI Core version: 0.5
[    8.886815] pciehp: PCI Express Hot Plug Controller Driver version: 0.4
[    8.889614] ACPI: AC Adapter [AC] (on-line)
[    8.907363] input: Power Button as /devices/LNXSYSTM:00/LNXPWRBN:00/input/input0
[    8.916686] ACPI: Power Button [PWRF]
[    8.918760] input: Sleep Button as /devices/LNXSYSTM:00/LNXSLPBN:00/input/input1
[    8.924238] ACPI: Sleep Button [SLPF]
[    8.928206] GHES: HEST is not enabled!
[    8.929575] ACPI: Battery Slot [BAT0] (battery present)
[    8.936758] Serial: 8250/16550 driver, 32 ports, IRQ sharing enabled
[    8.975444] 00:02: ttyS0 at I/O 0x3f8 (irq = 4, base_baud = 115200) is a 16550A
[    8.981850] Linux agpgart interface v0.103
[    8.986899] loop: module loaded
[    8.989103] scsi host0: ata_piix
[    8.990874] scsi host1: ata_piix
[    8.995065] ata1: PATA max UDMA/33 cmd 0x1f0 ctl 0x3f6 bmdma 0xd000 irq 14
[    8.997437] ata2: PATA max UDMA/33 cmd 0x170 ctl 0x376 bmdma 0xd008 irq 15
[    8.999429] libphy: Fixed MDIO Bus: probed
[    9.000726] tun: Universal TUN/TAP device driver, 1.6
[    9.007639] tun: (C) 1999-2004 Max Krasnyansky <maxk@qualcomm.com>
[    9.009334] PPP generic driver version 2.4.2
[    9.018928] ehci_hcd: USB 2.0 'Enhanced' Host Controller (EHCI) Driver
[    9.027771] ehci-pci: EHCI PCI platform driver
[    9.029081] ehci-platform: EHCI generic platform driver
[    9.050831] ohci_hcd: USB 1.1 'Open' Host Controller (OHCI) Driver
[    9.116333] ohci-pci: OHCI PCI latform driver
[    9.154674] ohci-platform: OHCI generic platform driver
[    9.157475] uhci_hcd: USB Universal Host Controller Interface driver
[    9.159245] i8042: PNP: PS/2 Controller [PNP0303:PS2K,PNP0f0PS2M] at 0x60x64 irq 1,12

[    9.257448] serio: i8042 KBD port at 0x60,0x64 irq 1
[    9.259359] serio: i8042 AUX port at 0x60,0x64 irq 12
[    9.261123] mousedev: PS/2 mouse device common for all mice
[    9.265737] input: AT Translated Set 2 keyboard as /devices/platform/i8042/serio0/input/input2
[    9.270842] rtc_cmos rtc_cmos: rtc core: registered rtc_cmos as rtc0
[    9.270898] rtc_cmos rtc_cmos: alarms up to one day, 114 bytes nvram
[    9.270905] i2c /dev entries driver
[    9.270961] device-mapper: uevent: version 1.0.3
[    9.271013] device-mapper: ioctl: 4.34.0-ioctl (2015-10-28) initialised: dm-devel@redhat.com
[    9.271028] ledtrig-cpu: registered to indicate activity on CPUs
[    9.274311] NET: Registered protocol family 10
[    9.274471] NET: Registered protocol family 17
[    9.274479] Key type dns_resolver registered
[    9.274934] registered taskstats version 1
[    9.274960] Loading compiled-in X.509 certificates
[    9.275858] Loaded X.509 cert 'Build time autogenerated kernel key: 65139e04a67245b562a838c28b5e7032abdd4348'
[    9.275880] zswap: loaded using pool lzo/zbud
[    9.277422] Key type trusted registered
[    9.279789] Key type encrypted registered
[    9.279794] AppArmor: AppArmor sha1 policy hashing enabled
[    9.279796] ima: No TPM chip found, activating TPM-bypass!
[    9.279799] ima: Allocated hash algorithm: sha1
[    9.279810] evm: HMAC attrs: 0x1
[    9.280158]   Magic number: 11:288:50
[    9.280174] platform platform-framebuffer.0: hash matches
[    9.282145] rtc_cmos rtc_cmos: setting system clock to 2019-07-25 23:00:38 UTC (1564095638)
[    9.282239] BIOS EDD facility v0.16 2004-Jun-25, 0 devices found
[    9.282240] EDD information not available.
[    9.336475] Freeing unused kernel memory: 1484K
[    9.366607] Write protecting the kernel read-only data: 14336k
[    9.372663] Freeing unused kernel memory: 1616K
[    9.374166] Freeing unused kernel memory: 68K
Loading, please wait...
starting version[    9.390902] random: systemd-udevd: uninitialized urandom read (16 bytes read, 5 bits of entropy available)
 229
[    9.391499] random: udevadm: uninitialized urandom read (16 bytes read, 5 bits of entropy available)
[    9.391519] random: udevadm: uninitialized urandom read (16 bytes read, 5 bits of entropy available)
[    9.400976] random: udevadm: uninitialized urandom read (16 bytes read, 5 bits of entropy available)
[    9.401010] random: udevadm: uninitialized urandom read (16 bytes read, 5 bits of entropy available)
[    9.401113] random: udevadm: uninitialized urandom read (16 bytes read, 5 bits of entropy available)
[    9.401148] random: udevadm: uninitialized urandom read (16 bytes read, 5 bits of entropy available)
[    9.401183] random: udevadm: uninitialized urandom read (16 bytes read, 5 bits of entropy available)
[    9.401218] random: udevadm: uninitialized urandom read (16 bytes read, 5 bits of entropy available)
[    9.401253] random: udevadm: uninitialized urandom read (16 bytes read, 5 bits of entropy available)
[    9.500658] e1000: Intel(R) PRO/1000 Network Driver - version 7.3.21-k8-NAPI
[    9.503798] e1000: Copyright (c) 1999-2006 Intel Corporation.
[    9.513559] Fusion MPT base driver 3.04.20
[    9.515171] Copyright (c) 1999-2008 LSI Corporation
[    9.523551] Fusion MPT SPI Host driver 3.04.20
[    9.534865] AVX2 version of gcm_enc/dec engaged.
[    9.536494] AES CTR mode by8 optimization enabled
[    9.711172] input: ImExPS/2 Generic Explorer Mouse as /devices/platform/i8042/serio1/input/input4
[    9.915607] e1000 0000:00:03.0 eth0: (PCI:33MHz:32-bit) 02:cf:25:3b:33:74
[    9.978480] e1000 0000:00:03.0 eth0: Intel(R) PRO/1000 Network Connection
[   10.024916] mptbase: ioc0: Initiating bringup
[   10.025813] e1000 0000:00:03.0 enp0s3: renamed from eth0
[   10.099374] ioc0: LSI53C1030 A0: Capabilities={Initiator}
[   10.271419] scsi host2: ioc0: LSI53C1030 A0, FwRev=00000000h, Ports=1, MaxQ=256, IRQ=20
[   10.388494] scsi 2:0:0:0: Direct-Access     VBOX     HARDDISK         1.0  PQ: 0 ANSI: 5
[   10.992028] scsi target2:0:0: Beginning Domain Validation
[   11.296256] scsi target2:0:0: Domain Validation skipping write tests
[   11.726912] scsi target2:0:0: Ending Domain Validation
[   11.731804] scsi target2:0:0: asynchronous
[   11.986539] scsi 2:0:1:0: Direct-Access     VBOX     HARDDISK         1.0  PQ: 0 ANSI: 5
[   12.915000] scsi target2:0:1: Beginning Domain Validation
[   13.344609] scsi target2:0:1: Domain Validation skipping write tests
[   13.357394] scsi target2:0:1: Ending Domain Validation
[   13.385767] scsi target2:0:1: asynchronous
[   13.396372] sd 2:0:0:0: [sda] 20971520 512-byte logical blocks: (10.7 GB/10.0 GiB)
[   13.396913] sd 2:0:0:0: Attached scsi generic sg0 type 0
[   13.397115] sd 2:0:1:0: Attached scsi generic sg1 type 0
[   13.397759] sd 2:0:1:0: [sdb] 20480 512-byte logical blocks: (10.5 MB/10.0 MiB)
[   13.398019] sd 2:0:1:0: [sdb] Write Protect is off
[   13.398196] sd 2:0:1:0: [sdb] Incomplete mode parameter data
[   13.398197] sd 2:0:1:0: [sdb] Assuming drive cache: write through
[   13.400339] sd 2:0:1:0: [sdb] Attached SCSI disk
[   13.478980] sd 2:0:0:0: [sda] Write Protect is off
[   13.486659] sd 2:0:0:0: [sda] Incomplete mode parameter data
[   13.495327] sd 2:0:0:0: [sda] Assuming drive cache: write through
[   13.512559]  sda: sda1
[   13.514844] sd 2:0:0:0: [sda] Attached SCSI disk
Begin: Loading e[   14.874188] md: linear personality registered for level -1
ssential drivers ... [   14.900301] md: multipath personality registered for level -4
[   14.910752] md: raid0 personality registered for level 0
[   14.946224] md: raid1 personality registered for level 1
[   15.042113] raid6: sse2x1   gen() 10824 MB/s
[   15.142318] raid6: sse2x1   xor()  9483 MB/s
[   15.226111] raid6: sse2x2   gen() 11720 MB/s
[   15.294113] raid6: sse2x2   xor() 10452 MB/s
[   15.378169] raid6: sse2x4   gen() 15169 MB/s
[   15.490451] raid6: sse2x4   xor() 11063 MB/s
[   15.590390] raid6: avx2x1   gen() 22619 MB/s
[   15.706444] raid6: avx2x2   gen() 18437 MB/s
[   15.778427] raid6: avx2x4   gen() 12999 MB/s
[   15.820743] raid6: using algorithm avx2x1 gen() 22619 MB/s
[   15.824009] raid6: using avx2x2 recovery algorithm
[   15.857711] xor: automatically using best checksumming function:
[   15.918105]    avx       : 29177.000 MB/sec
[   15.940029] async_tx: api initialized (async)
[   15.957420] md: raid6 personality registered for level 6
[   15.977609] md: raid5 personality registered for level 5
[   16.006518] md: raid4 personality registered for level 4
[   16.034973] md: raid10 personality registered for level 10
done.
Begin: Running /scripts/init-p[   16.104559] Btrfs loaded
remount ... done.
Begin: Mounting root file system ... Begin: Running /scripts/local-top ... done.
Begin: Running /scripts/local-premount ... Scanning for Btrfs filesystems
done.
Warning: fsck no[   16.191040] EXT4-fs (sda1): mounted filesystem with ordered data mode. Opts: (null)
t present, so skipping root file system
done.
Begin: Running /scripts/local-bottom ... done.
Begin: Running /scripts/init-bottom ... done.
[   16.418840] systemd[1]: systemd 229 running in system mode. (+PAM +AUDIT +SELINUX +IMA +APPARMOR +SMACK +SYSVINIT +UTMP +LIBCRYPTSETUP +GCRYPT +GNUTLS +ACL +XZ -LZ4 +SECCOMP +BLKID +ELFUTILS +KMOD -IDN)
[   16.466412] systemd[1]: Detected virtualization oracle.
[   16.473988] systemd[1]: Detected architecture x86-64.

Welcome to [1mUbuntu 16.04.6 LTS[0m!

[   16.539870] systemd[1]: Set hostname to <ubuntu-xial>.

[   16.775591] systemd[1]: Listening on LVM2 poll daemon socket.
[[0;32m  OK  [0m] Listening on LVM2 poll daemon socket.
[   16.790844] systemd[1]: Listening on Syslog Socket.
[[0;32m  OK  [0m] Listening on Syslog Socket.
[   16.815663] systemd[1]: Reached target Encrypted Volumes.
[[0;32m  OK  [0m] Reached target Encrypted Volumes.
[   16.839755] systemd[1]: Set up automount Arbitrary Executable File Formats File System Automount Point.
[[0;32m  OK  [0m] Set up automount Arbitrary Executab...ats File System Automount Point.
[   16.858526] systemd[1]: Started Forward Password Requests to Wall Directory Watch.
[[0;32m  OK  [0m] Started Forward Password Requests to Wall Directory Watch.
[   16.898744] systemd[1]: Started Trigger resolvconf update for networkd DNS.
[[0;32m  OK  [0m] Started Trigger resolvconf update for networkd DNS.
[   16.983005] systemd[1]: Reached target Swap.
[[0;32m  OK  [0m] Reached target Swap.
[   17.019642] systemd[1]: Listening on udev Control Socket.
[[0;32m  OK  [0m] Listening on udev Control Socket.
[   17.045188] systemd[1]: Listening on Journal Socket (/dev/log).
[[0;32m  OK  [0m] Listening on Journal Socket (/dev/log).
[   17.118857] systemd[1]: Listening on Device-mapper event daemon FIFOs.
[[0;32m  OK  [0m] Listening on Device-mapper event daemon FIFOs.
[   17.190831] systemd[1]: Reached target System Time Synchronized.
[[0;32m  OK  [0m] Reached target System Time Synchronized.
[   17.231349] systemd[1]: Listening on udev Kernel Socket.
[[0;32m  OK  [0m] Listening on udev Kernel Socket.
[   17.273297] systemd[1]: Listening on Journal Socket.
[[0;32m  OK  [0m] Listening on Journal Socket.
[   17.332667] systemd[1]: Created slice User and Session Slice.
[[0;32m  OK  [0m] Created slice User and Session Slice.
[   17.386909] systemd[1]: Reached target User and Group Name Lookups.
[[0;32m  OK  [0m] Reached target User and Group Name Lookups.
[   17.455137] systemd[1]: Listening on /dev/initctl Compatibility Named Pipe.
[[0;32m  OK  [0m] Listening on /dev/initctl Compatibility Named Pipe.
[   17.527258] systemd[1]: Listening on Journal Audit Socket.
[[0;32m  OK  [0m] Listening on Journal Audit Socket.
[   17.561473] systemd[1]: Listening on LVM2 metadata daemon socket.
[[0;32m  OK  [0m] Listening on LVM2 metadata daemon socket.
[   17.601822] systemd[1]: Created slice System Slice.
[[0;32m  OK  [0m] Created slice System Slice.
[   17.682990] systemd[1]: Starting Uncomplicated firewall...
[   17.685010] random: nonblocking pool is initialized
         Starting Uncomplicated firewall...
[   17.755953] systemd[1]: Mounting Debug File System...
         Mounting Debug File System...
[   17.799570] systemd[1]: Starting Load Kernel Modules...
         Starting Load Kernel Modules...
[   17.811881] systemd[1]: Starting Create list of required static device nodes for the current kernel...
[   17.823104] Loading iSCSI transport class v2.0-870.
         Starting Create list of required st... nodes for the current kernel...
[   17.826681] systemd[1]: Created slice system-serial\x2dgetty.slice.
[[0;32m  OK  [[   17.841849] iscsi: registered transport (tcp)
0m] Created slice system-serial\x2dgetty.slice.
[   17.916207] iscsi: registered transport (iser)
[   17.918222] systemd[1]: Mounting POSIX Message Queue File System...
         Mounting POSIX Message Queue File System...
[   17.927537] systemd[1]: Starting Nameserver information manager...
         Starting Nameserver information manager...
[   17.936569] systemd[1]: Reached target Slices.
[[0;32m  OK  [0m] Reached target Slices.
[   17.942822] systemd[1]: Starting Journal Service...
         Starting Journal Service...
[   18.006242] systemd[1]: Mounting Huge Pages File System...
         Mounting Huge Pages File System...
[   18.019395] systemd[1]: Starting Monitoring of LVM2 mirrors, snapshots etc. using dmeventd or progress polling...
         Starting Monitoring of LVM2 mirrors... dmeventd or progress polling...
[   18.074306] systemd[1]: Starting Set console keymap...
         Starting Set console keymap...
[   18.110986] systemd[1]: Starting Remount Root and Kernel File Systems...
[   18.124468] EXT4-fs (sda1): re-mounted. Opts: (null)
         Starting Remount Root and Kernel File Systems...
[   18.143966] systemd[1]: Mounted POSIX Message Queue File System.
[[0;32m  OK  [0m] Mounted POSIX Message Queue File System.
[   18.175867] systemd[1]: Mounted Debug File System.
[[0;32m  OK  [0m] Mounted Debug File System.
[   18.207314] systemd[1]: Mounted Huge Pages File System.
[[0;32m  OK  [0m] Mounted Huge Pages File System.
[   18.230972] systemd[1]: Started Journal Service.
[[0;32m  OK  [0m] Started Journal Service.
[[0;32m  OK  [0m] Started Uncomplicated firewall.
[[0;32m  OK  [0m] Started Load Kernel Modules.
[[0;32m  OK  [0m] Started Create list of required sta...ce nodes for the current kernel.
[[0;32m  OK  [0m] Started Set console keymap.
[[0;32m  OK  [0m] Started Remount Root and Kernel File Systems.
[[0;32m  OK  [0m] Started Nameserver information manager.
[[0;32m  OK  [0m] Started LVM2 metadata daemon.
         Starting udev Coldplug all Devices...
         Starting Load/Save Random Seed...
         Starting Create Static Device Nodes in /dev...
         Mounting FUSE Control File System...
         Starting Apply Kernel Variables...
         Starting Flush Journal to Persistent Storage...
[[0;32m  OK  [0m] Mounted FUSE Control File System.
[[0;32m  OK  [0m] Started Load/Save Random Seed.
[[0;32m  OK  [0m] Started Create Static Device Nodes in /dev.
[[0;32m  OK  [0m] Started Apply Kernel Variables.
[[0;32m  OK  [0m] Started udev Coldplug all Devices.
[[0;32m  OK  [0m] Started Monitoring of LVM2 mirrors,...ng dmeventd or progress polling.
[[0;32m  OK  [0m] Started Flush Journal to Persistent Storage.
         Starting udev Kernel Device Manager...
[[0;32m  OK  [0m] Reached target Local File Systems (Pre).
[[0;32m  OK  [0m] Reached target Local File Systems.
         Starting Create Volatile Files and Directories...
         Starting Initial cloud-init job (pre-networking)...
         Starting Set console font and keymap...
         Starting Tell Plymouth To Write Out Runtime Data...
         Starting LSB: AppArmor initialization...
[[0;32m  OK  [0m] Started udev Kernel Device Manager.
[[0;32m  OK  [0m] Started Dispatch Password Requests to Console Directory Watch.
[[0;32m  OK  [0m] Started Create Volatile Files and Directories.
[[0;32m  OK  [0m] Started Tell Plymouth To Write Out Runtime Data.
         Starting Update UTMP about System Boot/Shutdown...
[[0;32m  OK  [0m] Found device /dev/ttyS0.
[[0;32m  OK  [0m] Started Update UTMP about System Boot/Shutdown.
[[0;32m  OK  [0m] Listening on Load/Save RF Kill Switch Status /dev/rfkill Watch.
[[0;32m  OK  [0m] Found device 82540EM Gigabit Ethern...r (PRO/1000 MT Desktop Adapter).
[[0;32m  OK  [0m] Started LSB: AppArmor initialization.
[[0;32m  OK  [0m] Started Set console font and keymap.
[[0;32m  OK  [0m] Created slice system-getty.slice.
[   14.639705] cloud-init[495]: Cloud-init v. 19.1-1-gbaa47854-0ubuntu1~16.04.1 running 'init-local' at Thu, 25 Jul 2019 23:00:49 +0000. Up 14.32 seconds.
[[0;32m  OK  [0m] Started Initial cloud-init job (pre-networking).
[[0;32m  OK  [0m] Reached target Network (Pre).
         Starting Raise network interfaces...
[[0;32m  OK  [0m] Started ifup for enp0s3.
[[0;1;31mFAILED[0m] Failed to start Raise network interfaces.
See 'systemctl status networking.service' for details.
[[0;32m  OK  [0m] Reached target Network.
         Starting Initial cloud-init job (metadata service crawler)...
[   15.654007] cloud-init[1016]: Cloud-init v. 19.1-1-gbaa47854-0ubuntu1~16.04.1 running 'init' at Thu, 25 Jul 2019 23:00:50 +0000. Up 15.34 seconds.
[   15.736831] cloud-init[1016]: ci-info: ++++++++++++++++++++++++++++++++++++++Net device info++++++++++++++++++++++++++++++++++++++
[   15.737284] cloud-init[1016]: ci-info: +--------+------+----------------------------+---------------+--------+-------------------+
[   15.737592] cloud-init[1016]: ci-info: | Device |  Up  |          Address           |      Mask     | Scope  |     Hw-Address    |
[   15.737880] cloud-init[1016]: ci-info: +--------+------+----------------------------+---------------+--------+-------------------+
[   15.738296] cloud-init[1016]: ci-info: | enp0s3 | True |         10.0.2.15          | 255.255.255.0 | global | 02:cf:25:3b:33:74 |
[   15.738589] cloud-init[1016]: ci-info: | enp0s3 | True | fe80::cf:25ff:fe3b:3374/64 |       .       |  link  | 02:cf:25:3b:33:74 |
[   15.739020] cloud-init[1016]: ci-info: |   lo   | True |         127.0.0.1          |   255.0.0.0   |  host  |         .         |
[   15.739242] cloud-init[1016]: ci-info: |   lo   | True |          ::1/128           |       .       |  host  |         .         |
[   15.739446] cloud-init[1016]: ci-info: +--------+------+----------------------------+---------------+--------+-------------------+
[[0;32m  OK  [0m] Started Initial cloud-init job (metadata service crawler).
[   15.739727] cloud-init[1016]: ci-info: +++++++++++++++++++++++++++Route IPv4 info++++++++++++++++++++++++++++
[   16.327579] cloud-init[1016]: ci-info: +-------+-------------+----------+---------------+-----------+-------+
[   16.328182] cloud-init[1016]: ci-info: | Route | Destination | Gateway  |    Genmask    | Interface | Flags |
[   16.328643] cloud-init[1016]: ci-info: +-------+-------------+----------+---------------+-----------+-------+
[   16.329010] cloud-init[1016]: ci-info: |   0   |   0.0.0.0   | 10.0.2.2 |    0.0.0.0    |   enp0s3  |   UG  |
[   16.329386] cloud-init[1016]: ci-info: |   1   |   10.0.2.0  | 0.0.0.0  | 255.255.255.0 |   enp0s3  |   U   |
[[0;32m  OK  [0m] Reached target Cloud-config availability.
[   16.329818] cloud-init[1016]: ci-info: +-------+-------------+----------+---------------+-----------+-------+
[   16.457433] cloud-init[1016]: ci-info: +++++++++++++++++++Route IPv6 info+++++++++++++++++++
[   16.458480] cloud-init[1016]: ci-info: +-------+-------------+---------+-----------+-------+
[   16.458778] cloud-init[1016]: ci-info: | Route | Destination | Gateway | Interface | Flags |
[[0;32m  OK  [0m] Reached target Network is Online.
[   16.459630] cloud-init[1016]: ci-info: +-------+-------------+---------+-----------+-------+
         [   16.511226] cloud-init[1016]: ci-info: |   0   |  fe80::/64  |    ::   |   enp0s3  |   U   |
[   16.511397] cloud-init[1016]: ci-info: |   3   |   ff00::/8  |    ::   |   enp0s3  |   U   |
[   16.511609] cloud-init[1016]: ci-info: +-------+-------------+---------+-----------+-------+
Starting iSCSI initiator daemon (iscsid)...
[[0;32m  OK  [0m] Reached target System Initialization.
[[0;32m  OK  [0m] Listening on D-Bus System Message Bus Socket.
[[0;32m  OK  [0m] Started ACPI Events Check.
[[0;32m  OK  [0m] Reached target Paths.
[[0;32m  OK  [0m] Started Daily Cleanup of Temporary Directories.
[[0;32m  OK  [0m] Started Daily apt download activities.
[[0;32m  OK  [0m] Listening on ACPID Listen Socket.
         Starting LXD - unix socket.
         Starting Socket activation for snappy daemon.
[[0;32m  OK  [0m] Listening on UUID daemon activation socket.
[[0;32m  OK  [0m] Started Daily apt upgrade and clean activities.
[[0;32m  OK  [0m] Reached target Timers.
[[0;32m  OK  [0m] Listening on LXD - unix socket.
[[0;32m  OK  [0m] Listening on Socket activation for snappy daemon.
[[0;32m  OK  [0m] Started iSCSI initiator daemon (iscsid).
         Starting Login to default iSCSI targets...
[[0;32m  OK  [0m] Reached target Sockets.
[[0;32m  OK  [0m] Reached target Basic System.
         Starting LSB: Record successful boot for GRUB...
[[0;32m  OK  [0m] Started FUSE filesystem for LXC.
         Starting Login Service...
         Starting /etc/rc.local Compatibility...
         Starting Virtualbox guest utils...
         Starting LXD - container startup/shutdown...
[[0;32m  OK  [0m] Started D-Bus System Message Bus.
         Starting System Logging Service...
         Starting A high performance web server and a reverse proxy server...
         Starting Snappy daemon...
[[0;32m  OK  [0m] Started ACPI event daemon.
         Starting OpenBSD Secure Shell server...
         Starting Accounts Service...
         Starting LSB: MD monitoring daemon...
[[0;32m  OK  [0m] Started Regular background program processing daemon.
[[0;32m  OK  [0m] Started Deferred execution scheduler.
[[0;32m  OK  [0m] Started System Logging Service.
[[0;32m  OK  [0m] Started /etc/rc.local Compatibility.
[[0;32m  OK  [0m] Started Login Service.
[[0;32m  OK  [0m] Started Unattended Upgrades Shutdown.
[[0;32m  OK  [0m] Started Login to default iSCSI targets.
[[0;32m  OK  [0m] Started LSB: Record successful boot for GRUB.
[[0;32m  OK  [0m] Reached target Remote File Systems (Pre).
[[0;32m  OK  [0m] Reached target Remote File Systems.
         Starting LSB: automatic crash report generation...
         Starting LSB: Set the CPU Frequency Scaling governor to "ondemand"...
         Starting LSB: daemon to balance interrupts for SMP systems...
         Starting Permit User Sessions...
[[0;32m  OK  [0m] Started LSB: MD monitoring daemon.
[[0;32m  OK  [0m] Started Permit User Sessions.
[[0;32m  OK  [0m] Started OpenBSD Secure Shell server.
[[0;32m  OK  [0m] Started LXD - container startup/shutdown.
[[0;32m  OK  [0m] Started LSB: Set the CPU Frequency Scaling governor to "ondemand".
         Starting Terminate Plymouth Boot Screen...
         Starting Hold until boot process finishes up...
[[0;32m  OK  [0m] Started LSB: automatic crash report generation.
[[0;32m  OK  [0m] Started LSB: daemon to balance interrupts for SMP systems.
[[0;32m  OK  [0m] Started Terminate Plymouth Boot Screen.
[[0;32m  OK  [0m] Started Hold until boot process finishes up.
[[0;32m  OK  [0m] Started Virtualbox guest utils.
         Starting Authenticate and Authorize Users to Run Privileged Tasks...
         Starting Set console scheme...
[[0;32m  OK  [0m] Started Getty on tty1.
[[0;32m  OK  [0m] Started Serial Getty on ttyS0.
[[0;32m  OK  [0m] Reached target Login Prompts.
[[0;32m  OK  [0m] Started Set console scheme.
[[0;32m  OK  [0m] Started A high performance web server and a reverse proxy server.
[[0;32m  OK  [0m] Started Authenticate and Authorize Users to Run Privileged Tasks.
[[0;32m  OK  [0m] Started Accounts Service.
[[0;32m  OK  [0m] Created slice User Slice of vagrant.
         Starting User Manager for UID 1000...
[[0;32m  OK  [0m] Started Session 1 of user vagrant.
[[0;32m  OK  [0m] Started User Manager for UID 1000.
[[0;32m  OK  [0m] Started Snappy daemon.
         Starting Wait until snapd is fully seeded...
[[0;32m  OK  [0m] Started Wait until snapd is fully seeded.
         Starting Apply the settings specified in cloud-config...
[[0;32m  OK  [0m] Reached target Multi-User System.
[[0;32m  OK  [0m] Reached target Graphical Interface.
         Starting Update UTMP about System Runlevel Changes...
[[0;32m  OK  [0m] Started Update UTMP about System Runlevel Changes.
[   19.122359] cloud-init[1307]: Cloud-init v. 19.1-1-gbaa47854-0ubuntu1~16.04.1 running 'modules:config' at Thu, 25 Jul 2019 23:00:54 +0000. Up 19.02 seconds.
[[0;32m  OK  [0m] Started Apply the settings specified in cloud-config.
         Starting Execute cloud user/final scripts...
[   19.754954] cloud-init[1369]: Cloud-init v. 19.1-1-gbaa47854-0ubuntu1~16.04.1 running 'modules:final' at Thu, 25 Jul 2019 23:00:55 +0000. Up 19.65 seconds.
[   19.769078] cloud-init[1369]: Cloud-init v. 19.1-1-gbaa47854-0ubuntu1~16.04.1 finished at Thu, 25 Jul 2019 23:00:55 +0000. Datasource DataSourceNoCloud [seed=/dev/sdb][dsmode=net].  Up 19.74 seconds
[[0;32m  OK  [0m] Started Execute cloud user/final scripts.
[[0;32m  OK  [0m] Reached target Cloud-init target.

Ubuntu 16.04.6 LTS ubuntu-xenial ttyS0

ubuntu-xenial login: 